<?xml version="1.0" encoding="UTF-8"?>
<testsuite xmlns:xsi="http://www.w3.org/2001/XMLSchema-instance" xsi:schemaLocation="https://maven.apache.org/surefire/maven-surefire-plugin/xsd/surefire-test-report.xsd" name="TestSuite" time="0.43" tests="7" errors="0" skipped="6" failures="1">
  <properties>
[...]
</properties>
  <testcase name="startTest" classname="com.cw.test.TestCase" time="0.334">
    <failure message="NodeJS is either not installed or its executable not present in PATH" type="io.appium.java_client.service.local.InvalidServerInstanceException">io.appium.java_client.service.local.InvalidServerInstanceException: NodeJS is either not installed or its executable not present in PATH
</failure>
    <system-err><![CDATA[log4j:WARN No appenders could be found for logger (com.cw.base.BaseActivity).
log4j:WARN Please initialize the log4j system properly.
log4j:WARN See http://logging.apache.org/log4j/1.2/faq.html#noconfig for more info.
SLF4J: Failed to load class "org.slf4j.impl.StaticLoggerBinder".
SLF4J: Defaulting to no-operation (NOP) logger implementation
SLF4J: See http://www.slf4j.org/codes.html#StaticLoggerBinder for further details.
]]></system-err>
  </testcase>
  <testcase name="test1" classname="com.cw.test.TestCase" time="0">
    <skipped/>
  </testcase>
  <testcase name="test2" classname="com.cw.test.TestCase" time="0">
    <skipped/>
  </testcase>
  <testcase name="test3" classname="com.cw.test.TestCase" time="0">
    <skipped/>
  </testcase>
  <testcase name="test4" classname="com.cw.test.TestCase" time="0">
    <skipped/>
  </testcase>
  <testcase name="test5" classname="com.cw.test.TestCase" time="0">
    <skipped/>
  </testcase>
  <testcase name="endTest" classname="com.cw.test.TestCase" time="0">
    <skipped/>
  </testcase>
</testsuite>