<?xml version="1.0" encoding="UTF-8"?>
<!-- Generated by org.testng.reporters.JUnitXMLReporter -->
<testsuite ignored="1" hostname="LAPTOP-HJ6905B3" failures="0" tests="4" name="Default test" time="56.298" errors="0" timestamp="2021-01-07T12:09:24 CST">
  <testcase classname="com.cw.test.TestCase" name="test1" time="3.693"/>
  <testcase classname="com.cw.test.TestCase" name="test2" time="1.069"/>
  <testcase classname="com.cw.test.TestCase" name="test3" time="15.143"/>
  <testcase classname="com.cw.test.TestCase" name="test4" time="10.219"/>
  <testcase classname="com.cw.test.TestCase" name="test5" time="0.0">
    <ignored/>
  </testcase> <!-- test5 -->
</testsuite> <!-- Default test -->
