<?xml version="1.0" encoding="UTF-8"?>
<testng-results ignored="1" total="5" passed="4" failed="0" skipped="0">
  <reporter-output>
  </reporter-output>
  <suite started-at="2021-01-07T12:08:27 CST" name="Default suite" finished-at="2021-01-07T12:09:24 CST" duration-ms="56298">
    <groups>
    </groups>
    <test started-at="2021-01-07T12:08:27 CST" name="Default test" finished-at="2021-01-07T12:09:24 CST" duration-ms="56298">
      <class name="com.cw.test.TestCase">
        <test-method is-config="true" signature="setUp()[pri:0, instance:com.cw.test.TestCase@6e0f5f7f]" started-at="2021-01-07T12:08:27 CST" name="setUp" finished-at="2021-01-07T12:08:51 CST" duration-ms="23682" status="PASS">
          <reporter-output>
          </reporter-output>
        </test-method> <!-- setUp -->
        <test-method signature="test1()[pri:0, instance:com.cw.test.TestCase@6e0f5f7f]" started-at="2021-01-07T12:08:51 CST" name="test1" finished-at="2021-01-07T12:08:55 CST" duration-ms="3693" status="PASS">
          <reporter-output>
          </reporter-output>
        </test-method> <!-- test1 -->
        <test-method signature="test2()[pri:0, instance:com.cw.test.TestCase@6e0f5f7f]" started-at="2021-01-07T12:08:55 CST" name="test2" finished-at="2021-01-07T12:08:56 CST" duration-ms="1069" status="PASS">
          <reporter-output>
          </reporter-output>
        </test-method> <!-- test2 -->
        <test-method signature="test3()[pri:0, instance:com.cw.test.TestCase@6e0f5f7f]" started-at="2021-01-07T12:08:56 CST" name="test3" finished-at="2021-01-07T12:09:11 CST" duration-ms="15143" status="PASS">
          <reporter-output>
          </reporter-output>
        </test-method> <!-- test3 -->
        <test-method signature="test4()[pri:0, instance:com.cw.test.TestCase@6e0f5f7f]" started-at="2021-01-07T12:09:11 CST" name="test4" finished-at="2021-01-07T12:09:21 CST" duration-ms="10219" status="PASS">
          <reporter-output>
          </reporter-output>
        </test-method> <!-- test4 -->
        <test-method is-config="true" signature="endTest()[pri:0, instance:com.cw.test.TestCase@6e0f5f7f]" started-at="2021-01-07T12:09:21 CST" name="endTest" finished-at="2021-01-07T12:09:24 CST" duration-ms="2464" status="PASS">
          <reporter-output>
          </reporter-output>
        </test-method> <!-- endTest -->
      </class> <!-- com.cw.test.TestCase -->
    </test> <!-- Default test -->
  </suite> <!-- Default suite -->
</testng-results>
